2021/12/11 02:07:37	This log contains information about the import schema operation into project 'KaizenBurstDb' on computer 'LAPTOP-H5BVSD4C' by user 'triek'.
2021/12/11 02:07:37	Import of database schema has started.
2021/12/11 02:07:43	Gathering database credentials
2021/12/11 02:07:43	Gathering database options
2021/12/11 02:07:43	Gathering generic database scoped configuration option
2021/12/11 02:07:43	Gathering users
2021/12/11 02:07:43	Gathering roles
2021/12/11 02:07:43	Gathering application roles
2021/12/11 02:07:43	Gathering role memberships
2021/12/11 02:07:43	Gathering filegroups
2021/12/11 02:07:43	Gathering full-text catalogs
2021/12/11 02:07:43	Gathering assemblies
2021/12/11 02:07:43	Gathering certificates
2021/12/11 02:07:43	Gathering asymmetric keys
2021/12/11 02:07:43	Gathering symmetric keys
2021/12/11 02:07:43	Gathering encrypted symmetric keys
2021/12/11 02:07:43	Gathering schemas
2021/12/11 02:07:43	Gathering XML schema collections
2021/12/11 02:07:43	Gathering user-defined data types
2021/12/11 02:07:43	Gathering user-defined types
2021/12/11 02:07:43	Gathering table types
2021/12/11 02:07:43	Gathering unique keys for table types
2021/12/11 02:07:43	Gathering primary keys for table types
2021/12/11 02:07:43	Gathering indexes for table types
2021/12/11 02:07:43	Gathering check constraints for table types
2021/12/11 02:07:43	Gathering default constraints for table types
2021/12/11 02:07:43	Gathering partition functions
2021/12/11 02:07:43	Gathering partition schemes
2021/12/11 02:07:43	Gathering functions
2021/12/11 02:07:43	Gathering encrypted functions
2021/12/11 02:07:43	Gathering aggregates
2021/12/11 02:07:43	Gathering procedures
2021/12/11 02:07:43	Gathering encrypted procedures
2021/12/11 02:07:43	Gathering tables
2021/12/11 02:07:43	Gathering primary keys
2021/12/11 02:07:43	Gathering unique constraints
2021/12/11 02:07:43	Gathering foreign keys
2021/12/11 02:07:43	Gathering default constraints
2021/12/11 02:07:43	Gathering check constraints
2021/12/11 02:07:43	Gathering views
2021/12/11 02:07:43	Gathering encrypted views
2021/12/11 02:07:43	Gathering indexes
2021/12/11 02:07:43	Gathering statistics
2021/12/11 02:07:43	Gathering full-text index stoplists
2021/12/11 02:07:43	Gathering search property lists
2021/12/11 02:07:43	Gathering search properties
2021/12/11 02:07:43	Gathering full-text indexes
2021/12/11 02:07:43	Gathering column store indexes
2021/12/11 02:07:43	Gathering spatial indexes
2021/12/11 02:07:43	Gathering XML indexes
2021/12/11 02:07:43	Gathering Selective XML indexes
2021/12/11 02:07:44	Gathering encrypted triggers
2021/12/11 02:07:44	Gathering triggers
2021/12/11 02:07:44	Gathering encrypted and clr ddl triggers
2021/12/11 02:07:44	Gathering ddl triggers
2021/12/11 02:07:44	Gathering synonyms
2021/12/11 02:07:44	Gathering defaults
2021/12/11 02:07:44	Gathering data constraint uddt bindings
2021/12/11 02:07:44	Gathering rules
2021/12/11 02:07:44	Gathering data constraint uddt bindings
2021/12/11 02:07:44	Gathering message types
2021/12/11 02:07:44	Gathering queues
2021/12/11 02:07:44	Gathering contracts
2021/12/11 02:07:44	Gathering services
2021/12/11 02:07:44	Gathering event notifications
2021/12/11 02:07:44	Gathering remote service bindings
2021/12/11 02:07:44	Gathering broker priorities
2021/12/11 02:07:44	Gathering signatures
2021/12/11 02:07:44	Gathering data compression options
2021/12/11 02:07:44	Gathering sequence types
2021/12/11 02:07:44	Gathering security policies
2021/12/11 02:07:44	Gather column encryption keys
2021/12/11 02:07:44	Gathering column master keys
2021/12/11 02:07:44	Gathering external data sources
2021/12/11 02:07:44	Gathering external file formats
2021/12/11 02:07:44	Gathering external tables
2021/12/11 02:07:44	Gathering extended properties
2021/12/11 02:07:44	Gathering assemblies
2021/12/11 02:07:44	Gathering credentials
2021/12/11 02:07:44	Gathering logins
2021/12/11 02:07:44	Gathering server audits
2021/12/11 02:07:44	Scanning project for duplicate elements
2021/12/11 02:07:44	Finished duplicate element processing
2021/12/11 02:07:46	Finished importing database.
2021/12/11 02:07:46	A summary of the import was saved to the following location: C:\Users\triek\OneDrive\Documents\GitHub\KaizenBurst\KaizenBurstDb\Import Schema Logs\KaizenBurstDb_20211211120737.log
2021/12/11 02:07:46	Click Finish to continue...
