2021/12/11 00:13:35	This log contains information about the import schema operation into project 'KaizenburstDb' on computer 'LAPTOP-H5BVSD4C' by user 'triek'.
2021/12/11 00:13:36	Import of database schema has started.
2021/12/11 00:13:44	Gathering database credentials
2021/12/11 00:13:44	Gathering database options
2021/12/11 00:13:44	Gathering generic database scoped configuration option
2021/12/11 00:13:44	Gathering users
2021/12/11 00:13:44	Gathering roles
2021/12/11 00:13:44	Gathering application roles
2021/12/11 00:13:44	Gathering role memberships
2021/12/11 00:13:44	Gathering filegroups
2021/12/11 00:13:44	Gathering full-text catalogs
2021/12/11 00:13:44	Gathering assemblies
2021/12/11 00:13:44	Gathering certificates
2021/12/11 00:13:44	Gathering asymmetric keys
2021/12/11 00:13:44	Gathering symmetric keys
2021/12/11 00:13:44	Gathering encrypted symmetric keys
2021/12/11 00:13:44	Gathering schemas
2021/12/11 00:13:44	Gathering XML schema collections
2021/12/11 00:13:44	Gathering user-defined data types
2021/12/11 00:13:44	Gathering user-defined types
2021/12/11 00:13:44	Gathering table types
2021/12/11 00:13:44	Gathering unique keys for table types
2021/12/11 00:13:44	Gathering primary keys for table types
2021/12/11 00:13:45	Gathering indexes for table types
2021/12/11 00:13:45	Gathering check constraints for table types
2021/12/11 00:13:45	Gathering default constraints for table types
2021/12/11 00:13:45	Gathering partition functions
2021/12/11 00:13:45	Gathering partition schemes
2021/12/11 00:13:46	Gathering functions
2021/12/11 00:13:46	Gathering encrypted functions
2021/12/11 00:13:46	Gathering aggregates
2021/12/11 00:13:46	Gathering procedures
2021/12/11 00:13:46	Gathering encrypted procedures
2021/12/11 00:13:46	Gathering tables
2021/12/11 00:13:46	Gathering primary keys
2021/12/11 00:13:46	Gathering unique constraints
2021/12/11 00:13:46	Gathering foreign keys
2021/12/11 00:13:46	Gathering default constraints
2021/12/11 00:13:46	Gathering check constraints
2021/12/11 00:13:46	Gathering views
2021/12/11 00:13:46	Gathering encrypted views
2021/12/11 00:13:46	Gathering indexes
2021/12/11 00:13:46	Gathering statistics
2021/12/11 00:13:46	Gathering full-text index stoplists
2021/12/11 00:13:46	Gathering search property lists
2021/12/11 00:13:46	Gathering search properties
2021/12/11 00:13:46	Gathering full-text indexes
2021/12/11 00:13:46	Gathering column store indexes
2021/12/11 00:13:46	Gathering spatial indexes
2021/12/11 00:13:46	Gathering XML indexes
2021/12/11 00:13:46	Gathering Selective XML indexes
2021/12/11 00:13:46	Gathering encrypted triggers
2021/12/11 00:13:46	Gathering triggers
2021/12/11 00:13:46	Gathering encrypted and clr ddl triggers
2021/12/11 00:13:46	Gathering ddl triggers
2021/12/11 00:13:46	Gathering synonyms
2021/12/11 00:13:46	Gathering defaults
2021/12/11 00:13:47	Gathering data constraint uddt bindings
2021/12/11 00:13:47	Gathering rules
2021/12/11 00:13:47	Gathering data constraint uddt bindings
2021/12/11 00:13:47	Gathering message types
2021/12/11 00:13:47	Gathering queues
2021/12/11 00:13:47	Gathering contracts
2021/12/11 00:13:47	Gathering services
2021/12/11 00:13:47	Gathering event notifications
2021/12/11 00:13:47	Gathering remote service bindings
2021/12/11 00:13:47	Gathering broker priorities
2021/12/11 00:13:47	Gathering signatures
2021/12/11 00:13:47	Gathering data compression options
2021/12/11 00:13:47	Gathering sequence types
2021/12/11 00:13:47	Gathering security policies
2021/12/11 00:13:47	Gather column encryption keys
2021/12/11 00:13:47	Gathering column master keys
2021/12/11 00:13:47	Gathering external data sources
2021/12/11 00:13:47	Gathering external file formats
2021/12/11 00:13:47	Gathering external tables
2021/12/11 00:13:47	Gathering database permissions
2021/12/11 00:13:47	Gathering extended properties
2021/12/11 00:13:47	Gathering assemblies
2021/12/11 00:13:47	Gathering credentials
2021/12/11 00:13:47	Gathering logins
2021/12/11 00:13:47	Gathering server audits
2021/12/11 00:13:49	Scanning project for duplicate elements
2021/12/11 00:13:50	Finished duplicate element processing
2021/12/11 00:13:54	Finished importing database.
2021/12/11 00:13:54	A summary of the import was saved to the following location: C:\Users\triek\OneDrive\Documents\GitHub\KaizenBurst\KaizenburstDb\Import Schema Logs\KaizenburstDb_20211210101335.log
2021/12/11 00:13:54	Click Finish to continue...
